Build started 7/25/2013 7:32:47 PM.
     1>Project "C:\Users\Billy\Documents\Visual Studio 2008\Projects\demonoid-slayer\demonoid slayer\demonoid slayer.vcxproj" on node 2 (build target(s)).
     1>InitializeBuildStatus:
         Creating "Debug\demonoid slayer.unsuccessfulbuild" because "AlwaysCreate" was specified.
       ClCompile:
         c:\Program Files (x86)\Microsoft Visual Studio 10.0\VC\bin\CL.exe /c /ZI /nologo /W3 /WX- /Od /Oy- /D _MBCS /Gm /EHsc /RTC1 /MD /GS /fp:precise /Zc:wchar_t /Zc:forScope /Fo"Debug\\" /Fd"Debug\vc100.pdb" /Gd /TP /analyze- /errorReport:prompt main.cpp
         main.cpp
     1>c:\users\billy\documents\visual studio 2008\projects\demonoid-slayer\demonoid slayer\main.cpp(321): warning C4996: 'sprintf': This function or variable may be unsafe. Consider using sprintf_s instead. To disable deprecation, use _CRT_SECURE_NO_WARNINGS. See online help for details.
                 c:\program files (x86)\microsoft visual studio 10.0\vc\include\stdio.h(371) : see declaration of 'sprintf'
     1>c:\users\billy\documents\visual studio 2008\projects\demonoid-slayer\demonoid slayer\main.cpp(323): warning C4996: 'sprintf': This function or variable may be unsafe. Consider using sprintf_s instead. To disable deprecation, use _CRT_SECURE_NO_WARNINGS. See online help for details.
                 c:\program files (x86)\microsoft visual studio 10.0\vc\include\stdio.h(371) : see declaration of 'sprintf'
     1>c:\users\billy\documents\visual studio 2008\projects\demonoid-slayer\demonoid slayer\main.cpp(324): warning C4996: 'sprintf': This function or variable may be unsafe. Consider using sprintf_s instead. To disable deprecation, use _CRT_SECURE_NO_WARNINGS. See online help for details.
                 c:\program files (x86)\microsoft visual studio 10.0\vc\include\stdio.h(371) : see declaration of 'sprintf'
       Link:
         c:\Program Files (x86)\Microsoft Visual Studio 10.0\VC\bin\link.exe /ERRORREPORT:PROMPT /OUT:"C:\Users\Billy\Documents\Visual Studio 2008\Projects\demonoid-slayer\Debug\demonoid slayer.exe" /NOLOGO SDL.lib SDLmain.lib SDL_image.lib SDL_ttf.lib kernel32.lib user32.lib gdi32.lib winspool.lib comdlg32.lib advapi32.lib shell32.lib ole32.lib oleaut32.lib uuid.lib odbc32.lib odbccp32.lib /MANIFEST /ManifestFile:"Debug\demonoid slayer.exe.intermediate.manifest" /MANIFESTUAC:"level='asInvoker' uiAccess='false'" /DEBUG /PDB:"C:\Users\Billy\Documents\Visual Studio 2008\Projects\demonoid-slayer\Debug\demonoid slayer.pdb" /SUBSYSTEM:WINDOWS /TLBID:1 /DYNAMICBASE /NXCOMPAT /IMPLIB:"C:\Users\Billy\Documents\Visual Studio 2008\Projects\demonoid-slayer\Debug\demonoid slayer.lib" /MACHINE:X86 Debug\main.obj
         demonoid slayer.vcxproj -> C:\Users\Billy\Documents\Visual Studio 2008\Projects\demonoid-slayer\Debug\demonoid slayer.exe
       Manifest:
         C:\Program Files (x86)\Microsoft SDKs\Windows\v7.0A\bin\mt.exe /nologo /verbose /outputresource:"C:\Users\Billy\Documents\Visual Studio 2008\Projects\demonoid-slayer\Debug\demonoid slayer.exe;#1" /manifest "Debug\demonoid slayer.exe.intermediate.manifest"
       FinalizeBuildStatus:
         Deleting file "Debug\demonoid slayer.unsuccessfulbuild".
         Touching "Debug\demonoid slayer.lastbuildstate".
     1>Done Building Project "C:\Users\Billy\Documents\Visual Studio 2008\Projects\demonoid-slayer\demonoid slayer\demonoid slayer.vcxproj" (build target(s)).

Build succeeded.

Time Elapsed 00:00:02.44
